============================================
  GPU System Top Integration Testbench
============================================
[1] Testing reset...
[PASS] System ready after reset
[2] Reading GPU_ID via AXI...
[PASS] GPU_ID = 0xb17b0001
[3] Config register write/read...
[PASS] EMBED_DIM = 768
[4] Dispatching NOP command...
[PASS] NOP completed, GPU idle
[5] Dispatching MATMUL command...
[PASS] MATMUL completed (auto-ack), GPU idle
[6] Dispatching FENCE command...
[PASS] FENCE generated interrupt
[7] Checking performance counters...
[PASS] Cycle counter running: 71
[8] Multiple commands in sequence...
[PASS] Multiple commands completed successfully
============================================
  Results: 8 PASSED, 0 FAILED
============================================
D:\Projects\BitbyBit\custom_gpu_project\tb\\top\\gpu_system_top_tb.v:279: $finish called at 1275000 (1ps)

